<?xml version="1.0" encoding="UTF-8"?>
<testng-results ignored="0" total="1" passed="1" failed="0" skipped="0">
  <reporter-output>
  </reporter-output>
  <suite started-at="2026-04-22T12:43:51 IST" name="Default suite" finished-at="2026-04-22T12:44:05 IST" duration-ms="13479">
    <groups>
      <group name="cucumber">
        <method signature="AbstractTestNGCucumberTests.runScenario(io.cucumber.testng.PickleWrapper,io.cucumber.testng.FeatureWrapper)[pri:0, instance:com.redbus.testing.testrunner.RunnerIO@34bde49d]" name="runScenario" class="io.cucumber.testng.AbstractTestNGCucumberTests"/>
      </group> <!-- cucumber -->
    </groups>
    <test started-at="2026-04-22T12:43:51 IST" name="Default test" finished-at="2026-04-22T12:44:05 IST" duration-ms="13479">
      <class name="com.redbus.testing.testrunner.RunnerIO">
        <test-method is-config="true" signature="setUpClass(org.testng.ITestContext)[pri:0, instance:com.redbus.testing.testrunner.RunnerIO@34bde49d]" started-at="2026-04-22T12:43:51 IST" name="setUpClass" finished-at="2026-04-22T12:43:52 IST" duration-ms="777" status="PASS">
          <params>
            <param index="0">
              <value>
                <![CDATA[org.testng.TestRunner@1c7cd434]]>
              </value>
            </param>
          </params>
          <reporter-output>
          </reporter-output>
        </test-method> <!-- setUpClass -->
        <test-method signature="runScenario(io.cucumber.testng.PickleWrapper,io.cucumber.testng.FeatureWrapper)[pri:0, instance:com.redbus.testing.testrunner.RunnerIO@34bde49d]" started-at="2026-04-22T12:43:52 IST" name="runScenario" description="Runs Cucumber Scenarios" data-provider="scenarios" finished-at="2026-04-22T12:44:05 IST" duration-ms="12605" status="PASS">
          <params>
            <param index="0">
              <value>
                <![CDATA["Search buses"]]>
              </value>
            </param>
            <param index="1">
              <value>
                <![CDATA["Bus Ticket Booking End-to-End Flow"]]>
              </value>
            </param>
          </params>
          <reporter-output>
          </reporter-output>
        </test-method> <!-- runScenario -->
        <test-method is-config="true" signature="tearDownClass()[pri:0, instance:com.redbus.testing.testrunner.RunnerIO@34bde49d]" started-at="2026-04-22T12:44:05 IST" name="tearDownClass" finished-at="2026-04-22T12:44:05 IST" duration-ms="40" status="PASS">
          <reporter-output>
          </reporter-output>
        </test-method> <!-- tearDownClass -->
      </class> <!-- com.redbus.testing.testrunner.RunnerIO -->
    </test> <!-- Default test -->
  </suite> <!-- Default suite -->
</testng-results>
