<?xml version="1.0" encoding="UTF-8"?>
<testng-results ignored="0" total="6" passed="6" failed="0" skipped="0">
  <reporter-output>
  </reporter-output>
  <suite started-at="2026-03-16T10:25:13 IST" name="Default suite" finished-at="2026-03-16T10:25:21 IST" duration-ms="7534">
    <groups>
    </groups>
    <test started-at="2026-03-16T10:25:13 IST" name="Default test" finished-at="2026-03-16T10:25:21 IST" duration-ms="7534">
      <class name="GenericUtility.Test2">
        <test-method signature="login()[pri:1, instance:GenericUtility.Test2@17497425]" started-at="2026-03-16T10:25:13 IST" name="login" finished-at="2026-03-16T10:25:18 IST" duration-ms="5048" status="PASS">
          <reporter-output>
          </reporter-output>
        </test-method> <!-- login -->
        <test-method signature="sortAndAddProd()[pri:2, instance:GenericUtility.Test2@17497425]" started-at="2026-03-16T10:25:18 IST" name="sortAndAddProd" finished-at="2026-03-16T10:25:19 IST" duration-ms="444" status="PASS">
          <reporter-output>
          </reporter-output>
        </test-method> <!-- sortAndAddProd -->
        <test-method signature="verifyProdAdded()[pri:3, instance:GenericUtility.Test2@17497425]" started-at="2026-03-16T10:25:19 IST" name="verifyProdAdded" finished-at="2026-03-16T10:25:19 IST" duration-ms="87" status="PASS">
          <reporter-output>
          </reporter-output>
        </test-method> <!-- verifyProdAdded -->
        <test-method signature="checkOut()[pri:4, instance:GenericUtility.Test2@17497425]" started-at="2026-03-16T10:25:19 IST" name="checkOut" finished-at="2026-03-16T10:25:20 IST" duration-ms="694" status="PASS">
          <reporter-output>
          </reporter-output>
        </test-method> <!-- checkOut -->
        <test-method signature="verifyOrderSummary()[pri:4, instance:GenericUtility.Test2@17497425]" started-at="2026-03-16T10:25:20 IST" name="verifyOrderSummary" finished-at="2026-03-16T10:25:20 IST" duration-ms="221" status="PASS">
          <reporter-output>
          </reporter-output>
        </test-method> <!-- verifyOrderSummary -->
        <test-method signature="logoutAndQuit()[pri:10, instance:GenericUtility.Test2@17497425]" started-at="2026-03-16T10:25:20 IST" name="logoutAndQuit" finished-at="2026-03-16T10:25:21 IST" duration-ms="974" status="PASS">
          <reporter-output>
          </reporter-output>
        </test-method> <!-- logoutAndQuit -->
      </class> <!-- GenericUtility.Test2 -->
    </test> <!-- Default test -->
  </suite> <!-- Default suite -->
</testng-results>
