<?xml version="1.0" encoding="UTF-8"?>
<!-- Generated by org.testng.reporters.JUnitXMLReporter -->
<testsuite ignored="0" hostname="Buddy" failures="0" tests="6" name="Default test" time="7.534" errors="0" timestamp="2026-03-16T10:25:21 IST">
  <testcase classname="GenericUtility.Test2" name="login" time="5.048"/>
  <testcase classname="GenericUtility.Test2" name="sortAndAddProd" time="0.444"/>
  <testcase classname="GenericUtility.Test2" name="verifyProdAdded" time="0.087"/>
  <testcase classname="GenericUtility.Test2" name="checkOut" time="0.694"/>
  <testcase classname="GenericUtility.Test2" name="verifyOrderSummary" time="0.221"/>
  <testcase classname="GenericUtility.Test2" name="logoutAndQuit" time="0.974"/>
</testsuite> <!-- Default test -->
