<?xml version="1.0" encoding="UTF-8"?>
<!-- Generated by org.testng.reporters.JUnitReportReporter -->
<testsuite hostname="Buddy" failures="0" tests="6" name="GenericUtility.Test2" time="7.468" errors="0" timestamp="2026-03-16T10:25:21 IST" skipped="0">
  <testcase classname="GenericUtility.Test2" name="login" time="5.048"/>
  <system-out/>
  <testcase classname="GenericUtility.Test2" name="sortAndAddProd" time="0.444"/>
  <system-out/>
  <testcase classname="GenericUtility.Test2" name="verifyProdAdded" time="0.087"/>
  <system-out/>
  <testcase classname="GenericUtility.Test2" name="verifyOrderSummary" time="0.221"/>
  <system-out/>
  <testcase classname="GenericUtility.Test2" name="checkOut" time="0.694"/>
  <system-out/>
  <testcase classname="GenericUtility.Test2" name="logoutAndQuit" time="0.974"/>
  <system-out/>
</testsuite> <!-- GenericUtility.Test2 -->
