<?xml version="1.0" encoding="UTF-8"?>
<!-- Generated by org.testng.reporters.JUnitReportReporter -->
<testsuite hostname="Buddy" failures="0" tests="3" name="GenericUtility.CrossBrowserTest" time="0.023" errors="0" timestamp="2026-03-13T10:58:33 IST" skipped="0">
  <testcase classname="GenericUtility.CrossBrowserTest" name="beforemethod" time="0.003"/>
  <system-out>
    <![CDATA[---Executing before method--]]>
  </system-out>
  <testcase classname="GenericUtility.CrossBrowserTest" name="beforemethod" time="0.003"/>
  <system-out>
    <![CDATA[---Executing before method--]]>
  </system-out>
  <testcase classname="GenericUtility.CrossBrowserTest" name="beforemethod" time="0.017"/>
  <system-out>
    <![CDATA[---Executing before method--]]>
  </system-out>
</testsuite> <!-- GenericUtility.CrossBrowserTest -->
