<?xml version="1.0" encoding="UTF-8"?>
<testng-results ignored="0" total="1" passed="1" failed="0" skipped="0">
  <reporter-output>
  </reporter-output>
  <suite started-at="2026-03-20T10:14:16 IST" name="Default suite" finished-at="2026-03-20T10:14:21 IST" duration-ms="5404">
    <groups>
    </groups>
    <test started-at="2026-03-20T10:14:16 IST" name="Default test" finished-at="2026-03-20T10:14:21 IST" duration-ms="5404">
      <class name="SauceLabs.LoginUsingXmlOR">
        <test-method signature="login()[pri:0, instance:SauceLabs.LoginUsingXmlOR@4562e04d]" started-at="2026-03-20T10:14:16 IST" name="login" finished-at="2026-03-20T10:14:21 IST" duration-ms="5322" status="PASS">
          <reporter-output>
          </reporter-output>
        </test-method> <!-- login -->
      </class> <!-- SauceLabs.LoginUsingXmlOR -->
    </test> <!-- Default test -->
  </suite> <!-- Default suite -->
</testng-results>
