<?xml version="1.0" encoding="UTF-8"?>
<!-- Generated by org.testng.reporters.JUnitReportReporter -->
<testsuite hostname="Buddy" failures="0" tests="3" name="SauceLabs.ReadingDataFromDataProvider" time="0.028" errors="0" timestamp="2026-03-18T10:34:10 IST" skipped="0">
  <testcase classname="SauceLabs.ReadingDataFromDataProvider" name="readingFromDataProvider" time="0.002"/>
  <testcase classname="SauceLabs.ReadingDataFromDataProvider" name="readingFromDataProvider" time="0.007"/>
  <testcase classname="SauceLabs.ReadingDataFromDataProvider" name="readingFromDataProvider" time="0.019"/>
</testsuite> <!-- SauceLabs.ReadingDataFromDataProvider -->
